<?xml version="1.0" encoding="UTF-8"?>
<testsuites name="AdminEntersAbsence.dataDriven" time="134" tests="0" failures="0" errors="1">
   <testsuite name="AdminEntersAbsence.dataDriven" tests="0" failures="0" errors="1" time="134" timestamp="2019-01-17 08:52:43" hostname="SUKHVIR.GILL - MKM870-D-04D3.SeneDS.senecacollege.ca" id="Test Suites/AdminEntersAbsence.dataDriven">
      <properties>
         <property name="deviceName" value=""/>
         <property name="devicePlatform" value=""/>
         <property name="logFolder" value="C:\\Users\\sukhvir.gill\\Desktop\\AM.GlobalPayrollAndAbsenceManagement_fld\\Reports\\AdminEntersAbsence.dataDriven\\20190117_085240"/>
         <property name="logFiles" value="C:\\Users\\sukhvir.gill\\Desktop\\AM.GlobalPayrollAndAbsenceManagement_fld\\Reports\\AdminEntersAbsence.dataDriven\\20190117_085240\\execution0.log"/>
         <property name="attachments" value=""/>
         <property name="hostName" value="SUKHVIR.GILL - MKM870-D-04D3.SeneDS.senecacollege.ca"/>
         <property name="os" value="Windows 10 64bit"/>
         <property name="katalonVersion" value="5.9.1.2"/>
         <property name="browser" value="Chrome 71.0.3578.98"/>
         <property name="hostAddress" value="10.63.19.57"/>
         <property name="sessionId" value="651465a8119b527692a5d3751f6665d0"/>
         <property name="seleniumVersion" value="3.7.1"/>
         <property name="proxyInformation" value="ProxyInformation{proxyOption=NO_PROXY, proxyServerType=HTTP, password=, proxyServerAddress=, proxyServerPort=0}"/>
         <property name="platform" value="Windows 10"/>
      </properties>
      <testcase name="Test Cases/AdminEntersAbsence.dataDriven" classname="Test Cases/AdminEntersAbsence.dataDriven" status="ERROR">
         <error type="ERROR" message="Test Cases/AdminEntersAbsence.dataDriven FAILED.
Reason:
groovy.lang.MissingPropertyException: No such property: originalBeginDate for class: Script1543434608452
	at AdminEntersAbsence.dataDriven.run(AdminEntersAbsence.dataDriven:74)
	at com.kms.katalon.core.main.ScriptEngine.run(ScriptEngine.java:194)
	at com.kms.katalon.core.main.ScriptEngine.runScriptAsRawText(ScriptEngine.java:119)
	at com.kms.katalon.core.main.TestCaseExecutor.runScript(TestCaseExecutor.java:321)
	at com.kms.katalon.core.main.TestCaseExecutor.doExecute(TestCaseExecutor.java:312)
	at com.kms.katalon.core.main.TestCaseExecutor.processExecutionPhase(TestCaseExecutor.java:291)
	at com.kms.katalon.core.main.TestCaseExecutor.accessMainPhase(TestCaseExecutor.java:283)
	at com.kms.katalon.core.main.TestCaseExecutor.execute(TestCaseExecutor.java:222)
	at com.kms.katalon.core.main.TestSuiteExecutor.accessTestCaseMainPhase(TestSuiteExecutor.java:129)
	at com.kms.katalon.core.main.TestSuiteExecutor.accessTestSuiteMainPhase(TestSuiteExecutor.java:112)
	at com.kms.katalon.core.main.TestSuiteExecutor.execute(TestSuiteExecutor.java:81)
	at com.kms.katalon.core.main.TestCaseMain.startTestSuite(TestCaseMain.java:149)
	at com.kms.katalon.core.main.TestCaseMain$startTestSuite$0.call(Unknown Source)
	at TempTestSuite1547733160994.run(TempTestSuite1547733160994.groovy:36)
"/>
         <system-out><![CDATA[2019-01-17 08:52:43 - [TEST_CASE][ERROR] - Test Cases/AdminEntersAbsence.dataDriven: Test Cases/AdminEntersAbsence.dataDriven FAILED.
Reason:
groovy.lang.MissingPropertyException: No such property: originalBeginDate for class: Script1543434608452
	at AdminEntersAbsence.dataDriven.run(AdminEntersAbsence.dataDriven:74)
	at com.kms.katalon.core.main.ScriptEngine.run(ScriptEngine.java:194)
	at com.kms.katalon.core.main.ScriptEngine.runScriptAsRawText(ScriptEngine.java:119)
	at com.kms.katalon.core.main.TestCaseExecutor.runScript(TestCaseExecutor.java:321)
	at com.kms.katalon.core.main.TestCaseExecutor.doExecute(TestCaseExecutor.java:312)
	at com.kms.katalon.core.main.TestCaseExecutor.processExecutionPhase(TestCaseExecutor.java:291)
	at com.kms.katalon.core.main.TestCaseExecutor.accessMainPhase(TestCaseExecutor.java:283)
	at com.kms.katalon.core.main.TestCaseExecutor.execute(TestCaseExecutor.java:222)
	at com.kms.katalon.core.main.TestSuiteExecutor.accessTestCaseMainPhase(TestSuiteExecutor.java:129)
	at com.kms.katalon.core.main.TestSuiteExecutor.accessTestSuiteMainPhase(TestSuiteExecutor.java:112)
	at com.kms.katalon.core.main.TestSuiteExecutor.execute(TestSuiteExecutor.java:81)
	at com.kms.katalon.core.main.TestCaseMain.startTestSuite(TestCaseMain.java:149)
	at com.kms.katalon.core.main.TestCaseMain$startTestSuite$0.call(Unknown Source)
	at TempTestSuite1547733160994.run(TempTestSuite1547733160994.groovy:36)


2019-01-17 08:52:44 - [TEST_STEP][PASSED] - evt = 30: null

2019-01-17 08:52:44 - [TEST_STEP][PASSED] - plt = 30: null

2019-01-17 08:52:44 - [TEST_STEP][PASSED] - openBrowser(""): Browser is opened with url: ''

2019-01-17 08:52:44 - [MESSAGE][INFO] - Starting 'Chrome' driver

2019-01-17 08:52:44 - [MESSAGE][INFO] - Action delay is set to 1 seconds

2019-01-17 08:52:53 - [MESSAGE][PASSED] - Browser is opened with url: ''

2019-01-17 08:52:53 - [TEST_STEP][PASSED] - navigateToUrl(url): Navigate to 'http://ps-hrappu01pjts.i3.senecacollege.ca:8010/psp/ps/?cmd=login&languageCd=ENG&' successfully

2019-01-17 08:52:54 - [MESSAGE][PASSED] - Navigate to 'http://ps-hrappu01pjts.i3.senecacollege.ca:8010/psp/ps/?cmd=login&languageCd=ENG&' successfully

2019-01-17 08:52:54 - [TEST_STEP][PASSED] - setText(findTestObject("Object Repository/AdminEntersAbsence/Page_Oracle PeopleSoft Sign-in/input_User ID_userid"), userid): Text 'KEVIN.YANG' is set on object 'Object Repository/AdminEntersAbsence/Page_Oracle PeopleSoft Sign-in/input_User ID_userid'

2019-01-17 08:52:58 - [MESSAGE][PASSED] - Text 'KEVIN.YANG' is set on object 'Object Repository/AdminEntersAbsence/Page_Oracle PeopleSoft Sign-in/input_User ID_userid'

2019-01-17 08:52:58 - [TEST_STEP][PASSED] - setText(findTestObject("Object Repository/AdminEntersAbsence/Page_Oracle PeopleSoft Sign-in/input_Password_pwd"), password): Text 'Welcome@1' is set on object 'Object Repository/AdminEntersAbsence/Page_Oracle PeopleSoft Sign-in/input_Password_pwd'

2019-01-17 08:53:02 - [MESSAGE][PASSED] - Text 'Welcome@1' is set on object 'Object Repository/AdminEntersAbsence/Page_Oracle PeopleSoft Sign-in/input_Password_pwd'

2019-01-17 08:53:02 - [TEST_STEP][PASSED] - click(findTestObject("Object Repository/AdminEntersAbsence/Page_Oracle PeopleSoft Sign-in/input_Select a Language_Submit")): Object: 'Object Repository/AdminEntersAbsence/Page_Oracle PeopleSoft Sign-in/input_Select a Language_Submit' is clicked on

2019-01-17 08:53:06 - [MESSAGE][PASSED] - Object: 'Object Repository/AdminEntersAbsence/Page_Oracle PeopleSoft Sign-in/input_Select a Language_Submit' is clicked on

2019-01-17 08:53:06 - [TEST_STEP][PASSED] - maximizeWindow(): Current window maximized

2019-01-17 08:53:08 - [MESSAGE][PASSED] - Current window maximized

2019-01-17 08:53:08 - [TEST_STEP][PASSED] - waitForPageLoad(plt): Wait for page load successfully

2019-01-17 08:53:09 - [MESSAGE][PASSED] - Wait for page load successfully

2019-01-17 08:53:09 - [TEST_STEP][PASSED] - click(findTestObject("Object Repository/AdminEntersAbsence/Page_My Homepage/a_Sign Out_PT_NAVBAR")): Object: 'Object Repository/AdminEntersAbsence/Page_My Homepage/a_Sign Out_PT_NAVBAR' is clicked on

2019-01-17 08:53:12 - [MESSAGE][PASSED] - Object: 'Object Repository/AdminEntersAbsence/Page_My Homepage/a_Sign Out_PT_NAVBAR' is clicked on

2019-01-17 08:53:12 - [TEST_STEP][PASSED] - click(findTestObject("Object Repository/AdminEntersAbsence/Page_My Homepage/div_Navigator_grouplet_PTNBPTN")): Object: 'Object Repository/AdminEntersAbsence/Page_My Homepage/div_Navigator_grouplet_PTNBPTN' is clicked on

2019-01-17 08:53:16 - [MESSAGE][PASSED] - Object: 'Object Repository/AdminEntersAbsence/Page_My Homepage/div_Navigator_grouplet_PTNBPTN' is clicked on

2019-01-17 08:53:18 - [TEST_STEP][PASSED] - click(findTestObject("Object Repository/AdminEntersAbsence/Page_My Homepage/a_Global Payroll  Absence Mgmt")): Object: 'Object Repository/AdminEntersAbsence/Page_My Homepage/a_Global Payroll  Absence Mgmt' is clicked on

2019-01-17 08:53:22 - [MESSAGE][PASSED] - Object: 'Object Repository/AdminEntersAbsence/Page_My Homepage/a_Global Payroll  Absence Mgmt' is clicked on

2019-01-17 08:53:24 - [TEST_STEP][PASSED] - click(findTestObject("Object Repository/AdminEntersAbsence/Page_My Homepage/a_Payee Data")): Object: 'Object Repository/AdminEntersAbsence/Page_My Homepage/a_Payee Data' is clicked on

2019-01-17 08:53:28 - [MESSAGE][PASSED] - Object: 'Object Repository/AdminEntersAbsence/Page_My Homepage/a_Payee Data' is clicked on

2019-01-17 08:53:30 - [TEST_STEP][PASSED] - click(findTestObject("Object Repository/AdminEntersAbsence/Page_My Homepage/a_Maintain Absences")): Object: 'Object Repository/AdminEntersAbsence/Page_My Homepage/a_Maintain Absences' is clicked on

2019-01-17 08:53:34 - [MESSAGE][PASSED] - Object: 'Object Repository/AdminEntersAbsence/Page_My Homepage/a_Maintain Absences' is clicked on

2019-01-17 08:53:36 - [TEST_STEP][PASSED] - click(findTestObject("Object Repository/AdminEntersAbsence/Page_My Homepage/a_Absence Event")): Object: 'Object Repository/AdminEntersAbsence/Page_My Homepage/a_Absence Event' is clicked on

2019-01-17 08:53:42 - [MESSAGE][PASSED] - Object: 'Object Repository/AdminEntersAbsence/Page_My Homepage/a_Absence Event' is clicked on

2019-01-17 08:53:44 - [TEST_STEP][PASSED] - setText(findTestObject("Object Repository/AdminEntersAbsence/Page_Absence Event/input_Empl ID_EMPLMT_SRCH_GBL_"), emplID): Text '058833096' is set on object 'Object Repository/AdminEntersAbsence/Page_Absence Event/input_Empl ID_EMPLMT_SRCH_GBL_'

2019-01-17 08:53:50 - [MESSAGE][PASSED] - Text '058833096' is set on object 'Object Repository/AdminEntersAbsence/Page_Absence Event/input_Empl ID_EMPLMT_SRCH_GBL_'

2019-01-17 08:53:52 - [TEST_STEP][PASSED] - setText(findTestObject("Object Repository/AdminEntersAbsence/Page_Absence Event/input_Empl Record_EMPLMT_SRCH_"), emplIDRecordNum): Text '0' is set on object 'Object Repository/AdminEntersAbsence/Page_Absence Event/input_Empl Record_EMPLMT_SRCH_'

2019-01-17 08:53:58 - [MESSAGE][PASSED] - Text '0' is set on object 'Object Repository/AdminEntersAbsence/Page_Absence Event/input_Empl Record_EMPLMT_SRCH_'

2019-01-17 08:54:01 - [TEST_STEP][PASSED] - click(findTestObject("Object Repository/AdminEntersAbsence/Page_Absence Event/input_Case Sensitive_ICSearch")): Object: 'Object Repository/AdminEntersAbsence/Page_Absence Event/input_Case Sensitive_ICSearch' is clicked on

2019-01-17 08:54:05 - [MESSAGE][PASSED] - Object: 'Object Repository/AdminEntersAbsence/Page_Absence Event/input_Case Sensitive_ICSearch' is clicked on

2019-01-17 08:54:07 - [TEST_STEP][PASSED] - click(findTestObject("Object Repository/AdminEntersAbsence/Page_Absence Event/a_firstRecordReturned")): Object: 'Object Repository/AdminEntersAbsence/Page_Absence Event/a_firstRecordReturned' is clicked on

2019-01-17 08:54:11 - [MESSAGE][PASSED] - Object: 'Object Repository/AdminEntersAbsence/Page_Absence Event/a_firstRecordReturned' is clicked on

2019-01-17 08:54:13 - [TEST_STEP][PASSED] - click(findTestObject("Object Repository/AdminEntersAbsence/Page_Absence Event/a_Approved_GP_ABS_EVENTnew00")): Object: 'Object Repository/AdminEntersAbsence/Page_Absence Event/a_Approved_GP_ABS_EVENTnew00' is clicked on

2019-01-17 08:54:17 - [MESSAGE][PASSED] - Object: 'Object Repository/AdminEntersAbsence/Page_Absence Event/a_Approved_GP_ABS_EVENTnew00' is clicked on

2019-01-17 08:54:19 - [TEST_STEP][PASSED] - setText(findTestObject("Object Repository/AdminEntersAbsence/Page_Absence Event/input_Sick_GP_PIN_NM_VW_PIN_NM"), absenceTake): Text 'SN AT SCK SU' is set on object 'Object Repository/AdminEntersAbsence/Page_Absence Event/input_Sick_GP_PIN_NM_VW_PIN_NM'

2019-01-17 08:54:25 - [MESSAGE][PASSED] - Text 'SN AT SCK SU' is set on object 'Object Repository/AdminEntersAbsence/Page_Absence Event/input_Sick_GP_PIN_NM_VW_PIN_NM'

2019-01-17 08:54:27 - [TEST_STEP][PASSED] - setText(findTestObject("Object Repository/AdminEntersAbsence/Page_Absence Event/input_Sick_GP_ABS_EVENT_BGN_DT"), beginDate): Text '09/08/2018' is set on object 'Object Repository/AdminEntersAbsence/Page_Absence Event/input_Sick_GP_ABS_EVENT_BGN_DT'

2019-01-17 08:54:34 - [MESSAGE][PASSED] - Text '09/08/2018' is set on object 'Object Repository/AdminEntersAbsence/Page_Absence Event/input_Sick_GP_ABS_EVENT_BGN_DT'

2019-01-17 08:54:36 - [TEST_STEP][PASSED] - setText(findTestObject("Object Repository/AdminEntersAbsence/Page_Absence Event/input_Sick_GP_ABS_EVENT_END_DT"), endDate): Text '09/08/2018' is set on object 'Object Repository/AdminEntersAbsence/Page_Absence Event/input_Sick_GP_ABS_EVENT_END_DT'

2019-01-17 08:54:42 - [MESSAGE][PASSED] - Text '09/08/2018' is set on object 'Object Repository/AdminEntersAbsence/Page_Absence Event/input_Sick_GP_ABS_EVENT_END_DT'

2019-01-17 08:54:44 - [TEST_STEP][PASSED] - selectOptionByValue(findTestObject("Object Repository/AdminEntersAbsence/Page_Absence Event/select_NormalVoid"), processAction, false): All options with value 'N' are selected in object 'Object Repository/AdminEntersAbsence/Page_Absence Event/select_NormalVoid' 

2019-01-17 08:54:53 - [MESSAGE][PASSED] - All options with value 'N' are selected in object 'Object Repository/AdminEntersAbsence/Page_Absence Event/select_NormalVoid' 

2019-01-17 08:54:55 - [TEST_STEP][ERROR] - setText(findTestObject("Object Repository/AdminEntersAbsence/Page_Absence Event/input_Approved_GP_ABS_EVENT_OR"), originalBeginDate): setText(findTestObject("Object Repository/AdminEntersAbsence/Page_Absence Event/input_Approved_GP_ABS_EVENT_OR"), originalBeginDate) FAILED.
Reason:
groovy.lang.MissingPropertyException: No such property: originalBeginDate for class: Script1543434608452
	at AdminEntersAbsence.dataDriven.run(AdminEntersAbsence.dataDriven:74)
	at com.kms.katalon.core.main.ScriptEngine.run(ScriptEngine.java:194)
	at com.kms.katalon.core.main.ScriptEngine.runScriptAsRawText(ScriptEngine.java:119)
	at com.kms.katalon.core.main.TestCaseExecutor.runScript(TestCaseExecutor.java:321)
	at com.kms.katalon.core.main.TestCaseExecutor.doExecute(TestCaseExecutor.java:312)
	at com.kms.katalon.core.main.TestCaseExecutor.processExecutionPhase(TestCaseExecutor.java:291)
	at com.kms.katalon.core.main.TestCaseExecutor.accessMainPhase(TestCaseExecutor.java:283)
	at com.kms.katalon.core.main.TestCaseExecutor.execute(TestCaseExecutor.java:222)
	at com.kms.katalon.core.main.TestSuiteExecutor.accessTestCaseMainPhase(TestSuiteExecutor.java:129)
	at com.kms.katalon.core.main.TestSuiteExecutor.accessTestSuiteMainPhase(TestSuiteExecutor.java:112)
	at com.kms.katalon.core.main.TestSuiteExecutor.execute(TestSuiteExecutor.java:81)
	at com.kms.katalon.core.main.TestCaseMain.startTestSuite(TestCaseMain.java:149)
	at com.kms.katalon.core.main.TestCaseMain$startTestSuite$0.call(Unknown Source)
	at TempTestSuite1547733160994.run(TempTestSuite1547733160994.groovy:36)


2019-01-17 08:54:55 - [MESSAGE][ERROR] - setText(findTestObject("Object Repository/AdminEntersAbsence/Page_Absence Event/input_Approved_GP_ABS_EVENT_OR"), originalBeginDate) FAILED.
Reason:
groovy.lang.MissingPropertyException: No such property: originalBeginDate for class: Script1543434608452
	at AdminEntersAbsence.dataDriven.run(AdminEntersAbsence.dataDriven:74)
	at com.kms.katalon.core.main.ScriptEngine.run(ScriptEngine.java:194)
	at com.kms.katalon.core.main.ScriptEngine.runScriptAsRawText(ScriptEngine.java:119)
	at com.kms.katalon.core.main.TestCaseExecutor.runScript(TestCaseExecutor.java:321)
	at com.kms.katalon.core.main.TestCaseExecutor.doExecute(TestCaseExecutor.java:312)
	at com.kms.katalon.core.main.TestCaseExecutor.processExecutionPhase(TestCaseExecutor.java:291)
	at com.kms.katalon.core.main.TestCaseExecutor.accessMainPhase(TestCaseExecutor.java:283)
	at com.kms.katalon.core.main.TestCaseExecutor.execute(TestCaseExecutor.java:222)
	at com.kms.katalon.core.main.TestSuiteExecutor.accessTestCaseMainPhase(TestSuiteExecutor.java:129)
	at com.kms.katalon.core.main.TestSuiteExecutor.accessTestSuiteMainPhase(TestSuiteExecutor.java:112)
	at com.kms.katalon.core.main.TestSuiteExecutor.execute(TestSuiteExecutor.java:81)
	at com.kms.katalon.core.main.TestCaseMain.startTestSuite(TestCaseMain.java:149)
	at com.kms.katalon.core.main.TestCaseMain$startTestSuite$0.call(Unknown Source)
	at TempTestSuite1547733160994.run(TempTestSuite1547733160994.groovy:36)]]></system-out>
         <system-err><![CDATA[2019-01-17 08:52:43 - [TEST_CASE][ERROR] - Test Cases/AdminEntersAbsence.dataDriven: Test Cases/AdminEntersAbsence.dataDriven FAILED.
Reason:
groovy.lang.MissingPropertyException: No such property: originalBeginDate for class: Script1543434608452
	at AdminEntersAbsence.dataDriven.run(AdminEntersAbsence.dataDriven:74)
	at com.kms.katalon.core.main.ScriptEngine.run(ScriptEngine.java:194)
	at com.kms.katalon.core.main.ScriptEngine.runScriptAsRawText(ScriptEngine.java:119)
	at com.kms.katalon.core.main.TestCaseExecutor.runScript(TestCaseExecutor.java:321)
	at com.kms.katalon.core.main.TestCaseExecutor.doExecute(TestCaseExecutor.java:312)
	at com.kms.katalon.core.main.TestCaseExecutor.processExecutionPhase(TestCaseExecutor.java:291)
	at com.kms.katalon.core.main.TestCaseExecutor.accessMainPhase(TestCaseExecutor.java:283)
	at com.kms.katalon.core.main.TestCaseExecutor.execute(TestCaseExecutor.java:222)
	at com.kms.katalon.core.main.TestSuiteExecutor.accessTestCaseMainPhase(TestSuiteExecutor.java:129)
	at com.kms.katalon.core.main.TestSuiteExecutor.accessTestSuiteMainPhase(TestSuiteExecutor.java:112)
	at com.kms.katalon.core.main.TestSuiteExecutor.execute(TestSuiteExecutor.java:81)
	at com.kms.katalon.core.main.TestCaseMain.startTestSuite(TestCaseMain.java:149)
	at com.kms.katalon.core.main.TestCaseMain$startTestSuite$0.call(Unknown Source)
	at TempTestSuite1547733160994.run(TempTestSuite1547733160994.groovy:36)]]></system-err>
      </testcase>
      <system-out><![CDATA[2019-01-17 08:52:43 - [TEST_SUITE][ERROR] - AdminEntersAbsence.dataDriven: Test Cases/AdminEntersAbsence.dataDriven FAILED.
Reason:
groovy.lang.MissingPropertyException: No such property: originalBeginDate for class: Script1543434608452
	at AdminEntersAbsence.dataDriven.run(AdminEntersAbsence.dataDriven:74)
	at com.kms.katalon.core.main.ScriptEngine.run(ScriptEngine.java:194)
	at com.kms.katalon.core.main.ScriptEngine.runScriptAsRawText(ScriptEngine.java:119)
	at com.kms.katalon.core.main.TestCaseExecutor.runScript(TestCaseExecutor.java:321)
	at com.kms.katalon.core.main.TestCaseExecutor.doExecute(TestCaseExecutor.java:312)
	at com.kms.katalon.core.main.TestCaseExecutor.processExecutionPhase(TestCaseExecutor.java:291)
	at com.kms.katalon.core.main.TestCaseExecutor.accessMainPhase(TestCaseExecutor.java:283)
	at com.kms.katalon.core.main.TestCaseExecutor.execute(TestCaseExecutor.java:222)
	at com.kms.katalon.core.main.TestSuiteExecutor.accessTestCaseMainPhase(TestSuiteExecutor.java:129)
	at com.kms.katalon.core.main.TestSuiteExecutor.accessTestSuiteMainPhase(TestSuiteExecutor.java:112)
	at com.kms.katalon.core.main.TestSuiteExecutor.execute(TestSuiteExecutor.java:81)
	at com.kms.katalon.core.main.TestCaseMain.startTestSuite(TestCaseMain.java:149)
	at com.kms.katalon.core.main.TestCaseMain$startTestSuite$0.call(Unknown Source)
	at TempTestSuite1547733160994.run(TempTestSuite1547733160994.groovy:36)]]></system-out>
      <system-err><![CDATA[2019-01-17 08:52:43 - [TEST_SUITE][ERROR] - AdminEntersAbsence.dataDriven: Test Cases/AdminEntersAbsence.dataDriven FAILED.
Reason:
groovy.lang.MissingPropertyException: No such property: originalBeginDate for class: Script1543434608452
	at AdminEntersAbsence.dataDriven.run(AdminEntersAbsence.dataDriven:74)
	at com.kms.katalon.core.main.ScriptEngine.run(ScriptEngine.java:194)
	at com.kms.katalon.core.main.ScriptEngine.runScriptAsRawText(ScriptEngine.java:119)
	at com.kms.katalon.core.main.TestCaseExecutor.runScript(TestCaseExecutor.java:321)
	at com.kms.katalon.core.main.TestCaseExecutor.doExecute(TestCaseExecutor.java:312)
	at com.kms.katalon.core.main.TestCaseExecutor.processExecutionPhase(TestCaseExecutor.java:291)
	at com.kms.katalon.core.main.TestCaseExecutor.accessMainPhase(TestCaseExecutor.java:283)
	at com.kms.katalon.core.main.TestCaseExecutor.execute(TestCaseExecutor.java:222)
	at com.kms.katalon.core.main.TestSuiteExecutor.accessTestCaseMainPhase(TestSuiteExecutor.java:129)
	at com.kms.katalon.core.main.TestSuiteExecutor.accessTestSuiteMainPhase(TestSuiteExecutor.java:112)
	at com.kms.katalon.core.main.TestSuiteExecutor.execute(TestSuiteExecutor.java:81)
	at com.kms.katalon.core.main.TestCaseMain.startTestSuite(TestCaseMain.java:149)
	at com.kms.katalon.core.main.TestCaseMain$startTestSuite$0.call(Unknown Source)
	at TempTestSuite1547733160994.run(TempTestSuite1547733160994.groovy:36)]]></system-err>
   </testsuite>
</testsuites>
