<?xml version="1.0" encoding="UTF-8"?>
<testsuites name="VacationCarryOver.dataDriven" time="147" tests="0" failures="1" errors="0">
   <testsuite name="VacationCarryOver.dataDriven" tests="0" failures="1" errors="0" time="147" timestamp="2018-11-30 11:50:49" hostname="stewart.gray - MKM870-L-6D90.SeneDS.senecacollege.ca" id="Test Suites/VacationCarryOver.dataDriven">
      <properties>
         <property name="deviceName" value=""/>
         <property name="devicePlatform" value=""/>
         <property name="logFolder" value="C:\\Testing\\katalon\\HR\\AM\\AM.GlobalPayrollAndAbsenceManagement_fld\\Reports\\VacationCarryOver.dataDriven\\20181130_115047"/>
         <property name="logFiles" value="C:\\Testing\\katalon\\HR\\AM\\AM.GlobalPayrollAndAbsenceManagement_fld\\Reports\\VacationCarryOver.dataDriven\\20181130_115047\\execution0.log"/>
         <property name="attachments" value="C:\\Testing\\katalon\\HR\\AM\\AM.GlobalPayrollAndAbsenceManagement_fld\\Reports\\VacationCarryOver.dataDriven\\20181130_115047\\1543596793249.png"/>
         <property name="hostName" value="stewart.gray - MKM870-L-6D90.SeneDS.senecacollege.ca"/>
         <property name="os" value="Windows 10 64bit"/>
         <property name="katalonVersion" value="5.7.1.1"/>
         <property name="browser" value="Chrome 70.0.3538.110"/>
         <property name="hostAddress" value="10.30.7.25"/>
         <property name="sessionId" value="c764f3a6786ac5055147643f596e6eb8"/>
         <property name="seleniumVersion" value="3.7.1"/>
         <property name="proxyInformation" value="ProxyInformation{proxyOption=NO_PROXY, proxyServerType=HTTP, password=, proxyServerAddress=, proxyServerPort=0}"/>
         <property name="platform" value="Windows 10"/>
      </properties>
      <testcase name="Test Cases/VacationCarryOver.dataDriven" classname="Test Cases/VacationCarryOver.dataDriven" status="FAILED">
         <failure type="FAILED" message="(Stack trace: com.kms.katalon.core.exception.StepFailedException: Unable to click on object 'Object Repository/VacationCarryOver/Page_Supporting Elements/a_Sign out_pthdr2navbar' (Root cause: org.openqa.selenium.WebDriverException: unknown error: Element &lt;a id=&quot;pthdr2navbar&quot; class=&quot;PSHYPERLINK navbarIconFluid headerbutton&quot; title=&quot;NavBar&quot; target=&quot;NavBar&quot; href=&quot;https://hrerp-uatoc.senecacollege.ca/psc/ps_newwin/EMPLOYEE/HRMS/c/NUI_FRAMEWORK.PTNUI_NAVBAR.GBL&quot; onclick=&quot;PTNavBar.Url=this.href; DoNavBar(); return false;&quot; role=&quot;button&quot; onkeydown=&quot;registerHeaderKeyPress(event)&quot;>...&lt;/a> is not clickable at point (1416, 20). Other element would receive the click: &lt;div id=&quot;pt_modalMask&quot; style=&quot;height: 749px; width: 1458px; display: block;&quot;>&lt;/div>
  (Session info: chrome=70.0.3538.110)
  (Driver info: chromedriver=2.35.528161 (5b82f2d2aae0ca24b877009200ced9065a772e73),platform=Windows NT 10.0.17134 x86_64) (WARNING: The server did not provide any stacktrace information)
Command duration or timeout: 0 milliseconds
Build info: version: '3.7.1', revision: '8a0099a', time: '2017-11-06T21:07:36.161Z'
System info: host: 'MKM870-L-6D90', ip: '10.30.7.25', os.name: 'Windows 10', os.arch: 'amd64', os.version: '10.0', java.version: '1.8.0_181'
Driver info: com.kms.katalon.selenium.driver.CChromeDriver
Capabilities {acceptInsecureCerts: false, acceptSslCerts: false, applicationCacheEnabled: false, browserConnectionEnabled: false, browserName: chrome, chrome: {chromedriverVersion: 2.35.528161 (5b82f2d2aae0ca..., userDataDir: C:\Temp\scoped_dir2392_2925}, cssSelectorsEnabled: true, databaseEnabled: false, handlesAlerts: true, hasTouchScreen: false, javascriptEnabled: true, locationContextEnabled: true, mobileEmulationEnabled: false, nativeEvents: true, networkConnectionEnabled: false, pageLoadStrategy: normal, platform: XP, platformName: XP, rotatable: false, setWindowRect: true, takesHeapSnapshot: true, takesScreenshot: true, unexpectedAlertBehaviour: , unhandledPromptBehavior: , version: 70.0.3538.110, webStorageEnabled: true}
Session ID: c764f3a6786ac5055147643f596e6eb8)
	at com.kms.katalon.core.keyword.internal.KeywordMain.stepFailed(KeywordMain.groovy:36)
	at com.kms.katalon.core.webui.keyword.internal.WebUIKeywordMain.stepFailed(WebUIKeywordMain.groovy:65)
	at com.kms.katalon.core.webui.keyword.internal.WebUIKeywordMain.runKeyword(WebUIKeywordMain.groovy:27)
	at com.kms.katalon.core.webui.keyword.builtin.ClickKeyword.click(ClickKeyword.groovy:86)
	at com.kms.katalon.core.webui.keyword.builtin.ClickKeyword.execute(ClickKeyword.groovy:67)
	at com.kms.katalon.core.keyword.internal.KeywordExecutor.executeKeywordForPlatform(KeywordExecutor.groovy:53)
	at com.kms.katalon.core.webui.keyword.WebUiBuiltInKeywords.click(WebUiBuiltInKeywords.groovy:616)
	at com.kms.katalon.core.webui.keyword.WebUiBuiltInKeywords$click$2.call(Unknown Source)
	at org.codehaus.groovy.runtime.callsite.CallSiteArray.defaultCall(CallSiteArray.java:48)
	at org.codehaus.groovy.runtime.callsite.AbstractCallSite.call(AbstractCallSite.java:113)
	at org.codehaus.groovy.runtime.callsite.AbstractCallSite.call(AbstractCallSite.java:125)
	at Script1543509932189.run(Script1543509932189.groovy:109)
	at com.kms.katalon.core.main.ScriptEngine.run(ScriptEngine.java:183)
	at com.kms.katalon.core.main.ScriptEngine.runScriptAsRawText(ScriptEngine.java:108)
	at com.kms.katalon.core.main.TestCaseExecutor.runScript(TestCaseExecutor.java:294)
	at com.kms.katalon.core.main.TestCaseExecutor.doExecute(TestCaseExecutor.java:285)
	at com.kms.katalon.core.main.TestCaseExecutor.processExecutionPhase(TestCaseExecutor.java:264)
	at com.kms.katalon.core.main.TestCaseExecutor.accessMainPhase(TestCaseExecutor.java:256)
	at com.kms.katalon.core.main.TestCaseExecutor.execute(TestCaseExecutor.java:200)
	at com.kms.katalon.core.main.TestSuiteExecutor.accessTestCaseMainPhase(TestSuiteExecutor.java:129)
	at com.kms.katalon.core.main.TestSuiteExecutor.accessTestSuiteMainPhase(TestSuiteExecutor.java:112)
	at com.kms.katalon.core.main.TestSuiteExecutor.execute(TestSuiteExecutor.java:81)
	at com.kms.katalon.core.main.TestCaseMain.startTestSuite(TestCaseMain.java:142)
	at com.kms.katalon.core.main.TestCaseMain$startTestSuite$0.call(Unknown Source)
	at org.codehaus.groovy.runtime.callsite.CallSiteArray.defaultCall(CallSiteArray.java:48)
	at org.codehaus.groovy.runtime.callsite.AbstractCallSite.call(AbstractCallSite.java:113)
	at org.codehaus.groovy.runtime.callsite.AbstractCallSite.call(AbstractCallSite.java:141)
	at TempTestSuite1543596647385.run(TempTestSuite1543596647385.groovy:36)
	at groovy.lang.GroovyShell.runScriptOrMainOrTestOrRunnable(GroovyShell.java:263)
	at groovy.lang.GroovyShell.run(GroovyShell.java:518)
	at groovy.lang.GroovyShell.run(GroovyShell.java:507)
	at groovy.ui.GroovyMain.processOnce(GroovyMain.java:653)
	at groovy.ui.GroovyMain.run(GroovyMain.java:384)
	at groovy.ui.GroovyMain.process(GroovyMain.java:370)
	at groovy.ui.GroovyMain.processArgs(GroovyMain.java:129)
	at groovy.ui.GroovyMain.main(GroovyMain.java:109)
	at sun.reflect.NativeMethodAccessorImpl.invoke0(Native Method)
	at sun.reflect.NativeMethodAccessorImpl.invoke(NativeMethodAccessorImpl.java:62)
	at sun.reflect.DelegatingMethodAccessorImpl.invoke(DelegatingMethodAccessorImpl.java:43)
	at java.lang.reflect.Method.invoke(Method.java:498)
	at org.codehaus.groovy.tools.GroovyStarter.rootLoader(GroovyStarter.java:109)
	at org.codehaus.groovy.tools.GroovyStarter.main(GroovyStarter.java:131)
)"/>
         <system-out><![CDATA[2018-11-30 11:50:49 - [TEST_CASE][FAILED] - Test Cases/VacationCarryOver.dataDriven: Test Cases/VacationCarryOver.dataDriven FAILED because (of) (Stack trace: com.kms.katalon.core.exception.StepFailedException: Unable to click on object 'Object Repository/VacationCarryOver/Page_Supporting Elements/a_Sign out_pthdr2navbar' (Root cause: org.openqa.selenium.WebDriverException: unknown error: Element <a id="pthdr2navbar" class="PSHYPERLINK navbarIconFluid headerbutton" title="NavBar" target="NavBar" href="https://hrerp-uatoc.senecacollege.ca/psc/ps_newwin/EMPLOYEE/HRMS/c/NUI_FRAMEWORK.PTNUI_NAVBAR.GBL" onclick="PTNavBar.Url=this.href; DoNavBar(); return false;" role="button" onkeydown="registerHeaderKeyPress(event)">...</a> is not clickable at point (1416, 20). Other element would receive the click: <div id="pt_modalMask" style="height: 749px; width: 1458px; display: block;"></div>
  (Session info: chrome=70.0.3538.110)
  (Driver info: chromedriver=2.35.528161 (5b82f2d2aae0ca24b877009200ced9065a772e73),platform=Windows NT 10.0.17134 x86_64) (WARNING: The server did not provide any stacktrace information)
Command duration or timeout: 0 milliseconds
Build info: version: '3.7.1', revision: '8a0099a', time: '2017-11-06T21:07:36.161Z'
System info: host: 'MKM870-L-6D90', ip: '10.30.7.25', os.name: 'Windows 10', os.arch: 'amd64', os.version: '10.0', java.version: '1.8.0_181'
Driver info: com.kms.katalon.selenium.driver.CChromeDriver
Capabilities {acceptInsecureCerts: false, acceptSslCerts: false, applicationCacheEnabled: false, browserConnectionEnabled: false, browserName: chrome, chrome: {chromedriverVersion: 2.35.528161 (5b82f2d2aae0ca..., userDataDir: C:\Temp\scoped_dir2392_2925}, cssSelectorsEnabled: true, databaseEnabled: false, handlesAlerts: true, hasTouchScreen: false, javascriptEnabled: true, locationContextEnabled: true, mobileEmulationEnabled: false, nativeEvents: true, networkConnectionEnabled: false, pageLoadStrategy: normal, platform: XP, platformName: XP, rotatable: false, setWindowRect: true, takesHeapSnapshot: true, takesScreenshot: true, unexpectedAlertBehaviour: , unhandledPromptBehavior: , version: 70.0.3538.110, webStorageEnabled: true}
Session ID: c764f3a6786ac5055147643f596e6eb8)
	at com.kms.katalon.core.keyword.internal.KeywordMain.stepFailed(KeywordMain.groovy:36)
	at com.kms.katalon.core.webui.keyword.internal.WebUIKeywordMain.stepFailed(WebUIKeywordMain.groovy:65)
	at com.kms.katalon.core.webui.keyword.internal.WebUIKeywordMain.runKeyword(WebUIKeywordMain.groovy:27)
	at com.kms.katalon.core.webui.keyword.builtin.ClickKeyword.click(ClickKeyword.groovy:86)
	at com.kms.katalon.core.webui.keyword.builtin.ClickKeyword.execute(ClickKeyword.groovy:67)
	at com.kms.katalon.core.keyword.internal.KeywordExecutor.executeKeywordForPlatform(KeywordExecutor.groovy:53)
	at com.kms.katalon.core.webui.keyword.WebUiBuiltInKeywords.click(WebUiBuiltInKeywords.groovy:616)
	at com.kms.katalon.core.webui.keyword.WebUiBuiltInKeywords$click$2.call(Unknown Source)
	at org.codehaus.groovy.runtime.callsite.CallSiteArray.defaultCall(CallSiteArray.java:48)
	at org.codehaus.groovy.runtime.callsite.AbstractCallSite.call(AbstractCallSite.java:113)
	at org.codehaus.groovy.runtime.callsite.AbstractCallSite.call(AbstractCallSite.java:125)
	at Script1543509932189.run(Script1543509932189.groovy:109)
	at com.kms.katalon.core.main.ScriptEngine.run(ScriptEngine.java:183)
	at com.kms.katalon.core.main.ScriptEngine.runScriptAsRawText(ScriptEngine.java:108)
	at com.kms.katalon.core.main.TestCaseExecutor.runScript(TestCaseExecutor.java:294)
	at com.kms.katalon.core.main.TestCaseExecutor.doExecute(TestCaseExecutor.java:285)
	at com.kms.katalon.core.main.TestCaseExecutor.processExecutionPhase(TestCaseExecutor.java:264)
	at com.kms.katalon.core.main.TestCaseExecutor.accessMainPhase(TestCaseExecutor.java:256)
	at com.kms.katalon.core.main.TestCaseExecutor.execute(TestCaseExecutor.java:200)
	at com.kms.katalon.core.main.TestSuiteExecutor.accessTestCaseMainPhase(TestSuiteExecutor.java:129)
	at com.kms.katalon.core.main.TestSuiteExecutor.accessTestSuiteMainPhase(TestSuiteExecutor.java:112)
	at com.kms.katalon.core.main.TestSuiteExecutor.execute(TestSuiteExecutor.java:81)
	at com.kms.katalon.core.main.TestCaseMain.startTestSuite(TestCaseMain.java:142)
	at com.kms.katalon.core.main.TestCaseMain$startTestSuite$0.call(Unknown Source)
	at org.codehaus.groovy.runtime.callsite.CallSiteArray.defaultCall(CallSiteArray.java:48)
	at org.codehaus.groovy.runtime.callsite.AbstractCallSite.call(AbstractCallSite.java:113)
	at org.codehaus.groovy.runtime.callsite.AbstractCallSite.call(AbstractCallSite.java:141)
	at TempTestSuite1543596647385.run(TempTestSuite1543596647385.groovy:36)
	at groovy.lang.GroovyShell.runScriptOrMainOrTestOrRunnable(GroovyShell.java:263)
	at groovy.lang.GroovyShell.run(GroovyShell.java:518)
	at groovy.lang.GroovyShell.run(GroovyShell.java:507)
	at groovy.ui.GroovyMain.processOnce(GroovyMain.java:653)
	at groovy.ui.GroovyMain.run(GroovyMain.java:384)
	at groovy.ui.GroovyMain.process(GroovyMain.java:370)
	at groovy.ui.GroovyMain.processArgs(GroovyMain.java:129)
	at groovy.ui.GroovyMain.main(GroovyMain.java:109)
	at sun.reflect.NativeMethodAccessorImpl.invoke0(Native Method)
	at sun.reflect.NativeMethodAccessorImpl.invoke(NativeMethodAccessorImpl.java:62)
	at sun.reflect.DelegatingMethodAccessorImpl.invoke(DelegatingMethodAccessorImpl.java:43)
	at java.lang.reflect.Method.invoke(Method.java:498)
	at org.codehaus.groovy.tools.GroovyStarter.rootLoader(GroovyStarter.java:109)
	at org.codehaus.groovy.tools.GroovyStarter.main(GroovyStarter.java:131)
)

2018-11-30 11:50:49 - [TEST_STEP][PASSED] - Statement - evt = 30: null

2018-11-30 11:50:49 - [TEST_STEP][PASSED] - Statement - plt = 30: null

2018-11-30 11:50:49 - [TEST_STEP][PASSED] - openBrowser: Browser is opened with url: ''

2018-11-30 11:50:55 - [MESSAGE][PASSED] - Browser is opened with url: ''

2018-11-30 11:50:55 - [TEST_STEP][PASSED] - navigateToUrl: Navigate to 'https://hrerp-uatoc.senecacollege.ca/psp/ps/?cmd=login&languageCd=ENG&' successfully

2018-11-30 11:50:57 - [MESSAGE][PASSED] - Navigate to 'https://hrerp-uatoc.senecacollege.ca/psp/ps/?cmd=login&languageCd=ENG&' successfully

2018-11-30 11:50:57 - [TEST_STEP][PASSED] - setText: Text 'KEVIN.YANG' is set on object 'Object Repository/VacationCarryOver/Page_Oracle PeopleSoft Sign-in/input_User ID_userid'

2018-11-30 11:51:01 - [MESSAGE][PASSED] - Text 'KEVIN.YANG' is set on object 'Object Repository/VacationCarryOver/Page_Oracle PeopleSoft Sign-in/input_User ID_userid'

2018-11-30 11:51:01 - [TEST_STEP][PASSED] - setText: Text 'Welcome@1' is set on object 'Object Repository/VacationCarryOver/Page_Oracle PeopleSoft Sign-in/input_Password_pwd'

2018-11-30 11:51:05 - [MESSAGE][PASSED] - Text 'Welcome@1' is set on object 'Object Repository/VacationCarryOver/Page_Oracle PeopleSoft Sign-in/input_Password_pwd'

2018-11-30 11:51:05 - [TEST_STEP][PASSED] - click: Object: 'Object Repository/VacationCarryOver/Page_Oracle PeopleSoft Sign-in/input_Select a Language_Submit' is clicked on

2018-11-30 11:51:08 - [MESSAGE][PASSED] - Object: 'Object Repository/VacationCarryOver/Page_Oracle PeopleSoft Sign-in/input_Select a Language_Submit' is clicked on

2018-11-30 11:51:08 - [TEST_STEP][PASSED] - maximizeWindow: Current window maximized

2018-11-30 11:51:11 - [MESSAGE][PASSED] - Current window maximized

2018-11-30 11:51:11 - [TEST_STEP][PASSED] - waitForPageLoad: Wait for page load successfully

2018-11-30 11:51:12 - [MESSAGE][PASSED] - Wait for page load successfully

2018-11-30 11:51:12 - [TEST_STEP][PASSED] - click: Object: 'Object Repository/VacationCarryOver/Page_My Homepage/a_Sign Out_PT_NAVBAR' is clicked on

2018-11-30 11:51:14 - [MESSAGE][PASSED] - Object: 'Object Repository/VacationCarryOver/Page_My Homepage/a_Sign Out_PT_NAVBAR' is clicked on

2018-11-30 11:51:14 - [TEST_STEP][PASSED] - click: Object: 'Object Repository/VacationCarryOver/Page_My Homepage/div_Navigator_grouplet_PTNBPTN' is clicked on

2018-11-30 11:51:18 - [MESSAGE][PASSED] - Object: 'Object Repository/VacationCarryOver/Page_My Homepage/div_Navigator_grouplet_PTNBPTN' is clicked on

2018-11-30 11:51:20 - [TEST_STEP][PASSED] - click: Object: 'Object Repository/VacationCarryOver/Page_My Homepage/a_Global Payroll  Absence Mgmt' is clicked on

2018-11-30 11:51:24 - [MESSAGE][PASSED] - Object: 'Object Repository/VacationCarryOver/Page_My Homepage/a_Global Payroll  Absence Mgmt' is clicked on

2018-11-30 11:51:26 - [TEST_STEP][PASSED] - click: Object: 'Object Repository/VacationCarryOver/Page_My Homepage/a_Payee Data' is clicked on

2018-11-30 11:51:30 - [MESSAGE][PASSED] - Object: 'Object Repository/VacationCarryOver/Page_My Homepage/a_Payee Data' is clicked on

2018-11-30 11:51:32 - [TEST_STEP][PASSED] - click: Object: 'Object Repository/VacationCarryOver/Page_My Homepage/a_Create Overrides' is clicked on

2018-11-30 11:51:36 - [MESSAGE][PASSED] - Object: 'Object Repository/VacationCarryOver/Page_My Homepage/a_Create Overrides' is clicked on

2018-11-30 11:51:38 - [TEST_STEP][PASSED] - click: Object: 'Object Repository/VacationCarryOver/Page_My Homepage/a_Supporting Elements' is clicked on

2018-11-30 11:51:44 - [MESSAGE][PASSED] - Object: 'Object Repository/VacationCarryOver/Page_My Homepage/a_Supporting Elements' is clicked on

2018-11-30 11:51:46 - [TEST_STEP][PASSED] - setText: Text '049764079' is set on object 'Object Repository/VacationCarryOver/Page_Supporting Elements/input_Empl ID_EMPLMT_SRCH_GBL_'

2018-11-30 11:51:52 - [MESSAGE][PASSED] - Text '049764079' is set on object 'Object Repository/VacationCarryOver/Page_Supporting Elements/input_Empl ID_EMPLMT_SRCH_GBL_'

2018-11-30 11:51:54 - [TEST_STEP][PASSED] - click: Object: 'Object Repository/VacationCarryOver/Page_Supporting Elements/input_Case Sensitive_ICSearch' is clicked on

2018-11-30 11:51:58 - [MESSAGE][PASSED] - Object: 'Object Repository/VacationCarryOver/Page_Supporting Elements/input_Case Sensitive_ICSearch' is clicked on

2018-11-30 11:52:00 - [TEST_STEP][PASSED] - click: Object: 'Object Repository/VacationCarryOver/Page_Supporting Elements/img' is clicked on

2018-11-30 11:52:05 - [MESSAGE][PASSED] - Object: 'Object Repository/VacationCarryOver/Page_Supporting Elements/img' is clicked on

2018-11-30 11:52:07 - [TEST_STEP][PASSED] - click: Object: 'Object Repository/VacationCarryOver/Page_Supporting Elements/a_FT Support Vacation Carryove' is clicked on

2018-11-30 11:52:11 - [MESSAGE][PASSED] - Object: 'Object Repository/VacationCarryOver/Page_Supporting Elements/a_FT Support Vacation Carryove' is clicked on

2018-11-30 11:52:13 - [TEST_STEP][PASSED] - selectOptionByValue: All options with value 'VR0' are selected in object 'Object Repository/VacationCarryOver/Page_Supporting Elements/select_ BracketDateDurationFor' 

2018-11-30 11:52:23 - [MESSAGE][PASSED] - All options with value 'VR0' are selected in object 'Object Repository/VacationCarryOver/Page_Supporting Elements/select_ BracketDateDurationFor' 

2018-11-30 11:52:25 - [TEST_STEP][PASSED] - setText: Text 'SN VAC SU CARY' is set on object 'Object Repository/VacationCarryOver/Page_Supporting Elements/input_Numeric Value_GP_PIN_NM_'

2018-11-30 11:52:31 - [MESSAGE][PASSED] - Text 'SN VAC SU CARY' is set on object 'Object Repository/VacationCarryOver/Page_Supporting Elements/input_Numeric Value_GP_PIN_NM_'

2018-11-30 11:52:33 - [TEST_STEP][PASSED] - click: Object: 'Object Repository/VacationCarryOver/Page_Supporting Elements/select_ BracketDateDurationFor' is clicked on

2018-11-30 11:52:38 - [MESSAGE][PASSED] - Object: 'Object Repository/VacationCarryOver/Page_Supporting Elements/select_ BracketDateDurationFor' is clicked on

2018-11-30 11:52:40 - [TEST_STEP][PASSED] - setText: Text '09/02/2018' is set on object 'Object Repository/VacationCarryOver/Page_Supporting Elements/input_FT Support Vacation Carr'

2018-11-30 11:52:46 - [MESSAGE][PASSED] - Text '09/02/2018' is set on object 'Object Repository/VacationCarryOver/Page_Supporting Elements/input_FT Support Vacation Carr'

2018-11-30 11:52:48 - [TEST_STEP][PASSED] - setText: Text '09/02/2018' is set on object 'Object Repository/VacationCarryOver/Page_Supporting Elements/input_FT Support Vacation Carr_2'

2018-11-30 11:52:54 - [MESSAGE][PASSED] - Text '09/02/2018' is set on object 'Object Repository/VacationCarryOver/Page_Supporting Elements/input_FT Support Vacation Carr_2'

2018-11-30 11:52:56 - [TEST_STEP][PASSED] - setText: Text '3.5' is set on object 'Object Repository/VacationCarryOver/Page_Supporting Elements/input_FT Support Vacation Carr_6'

2018-11-30 11:53:02 - [MESSAGE][PASSED] - Text '3.5' is set on object 'Object Repository/VacationCarryOver/Page_Supporting Elements/input_FT Support Vacation Carr_6'

2018-11-30 11:53:04 - [TEST_STEP][PASSED] - click: Object: 'Object Repository/VacationCarryOver/Page_Supporting Elements/input_Seneca Sick Support Bal' is clicked on

2018-11-30 11:53:09 - [MESSAGE][PASSED] - Object: 'Object Repository/VacationCarryOver/Page_Supporting Elements/input_Seneca Sick Support Bal' is clicked on

2018-11-30 11:53:11 - [TEST_STEP][FAILED] - click: Unable to click on object 'Object Repository/VacationCarryOver/Page_Supporting Elements/a_Sign out_pthdr2navbar' (Root cause: org.openqa.selenium.WebDriverException: unknown error: Element <a id="pthdr2navbar" class="PSHYPERLINK navbarIconFluid headerbutton" title="NavBar" target="NavBar" href="https://hrerp-uatoc.senecacollege.ca/psc/ps_newwin/EMPLOYEE/HRMS/c/NUI_FRAMEWORK.PTNUI_NAVBAR.GBL" onclick="PTNavBar.Url=this.href; DoNavBar(); return false;" role="button" onkeydown="registerHeaderKeyPress(event)">...</a> is not clickable at point (1416, 20). Other element would receive the click: <div id="pt_modalMask" style="height: 749px; width: 1458px; display: block;"></div>
  (Session info: chrome=70.0.3538.110)
  (Driver info: chromedriver=2.35.528161 (5b82f2d2aae0ca24b877009200ced9065a772e73),platform=Windows NT 10.0.17134 x86_64) (WARNING: The server did not provide any stacktrace information)
Command duration or timeout: 0 milliseconds
Build info: version: '3.7.1', revision: '8a0099a', time: '2017-11-06T21:07:36.161Z'
System info: host: 'MKM870-L-6D90', ip: '10.30.7.25', os.name: 'Windows 10', os.arch: 'amd64', os.version: '10.0', java.version: '1.8.0_181'
Driver info: com.kms.katalon.selenium.driver.CChromeDriver
Capabilities {acceptInsecureCerts: false, acceptSslCerts: false, applicationCacheEnabled: false, browserConnectionEnabled: false, browserName: chrome, chrome: {chromedriverVersion: 2.35.528161 (5b82f2d2aae0ca..., userDataDir: C:\Temp\scoped_dir2392_2925}, cssSelectorsEnabled: true, databaseEnabled: false, handlesAlerts: true, hasTouchScreen: false, javascriptEnabled: true, locationContextEnabled: true, mobileEmulationEnabled: false, nativeEvents: true, networkConnectionEnabled: false, pageLoadStrategy: normal, platform: XP, platformName: XP, rotatable: false, setWindowRect: true, takesHeapSnapshot: true, takesScreenshot: true, unexpectedAlertBehaviour: , unhandledPromptBehavior: , version: 70.0.3538.110, webStorageEnabled: true}
Session ID: c764f3a6786ac5055147643f596e6eb8)

2018-11-30 11:53:14 - [MESSAGE][FAILED] - Unable to click on object 'Object Repository/VacationCarryOver/Page_Supporting Elements/a_Sign out_pthdr2navbar' (Root cause: org.openqa.selenium.WebDriverException: unknown error: Element <a id="pthdr2navbar" class="PSHYPERLINK navbarIconFluid headerbutton" title="NavBar" target="NavBar" href="https://hrerp-uatoc.senecacollege.ca/psc/ps_newwin/EMPLOYEE/HRMS/c/NUI_FRAMEWORK.PTNUI_NAVBAR.GBL" onclick="PTNavBar.Url=this.href; DoNavBar(); return false;" role="button" onkeydown="registerHeaderKeyPress(event)">...</a> is not clickable at point (1416, 20). Other element would receive the click: <div id="pt_modalMask" style="height: 749px; width: 1458px; display: block;"></div>
  (Session info: chrome=70.0.3538.110)
  (Driver info: chromedriver=2.35.528161 (5b82f2d2aae0ca24b877009200ced9065a772e73),platform=Windows NT 10.0.17134 x86_64) (WARNING: The server did not provide any stacktrace information)
Command duration or timeout: 0 milliseconds
Build info: version: '3.7.1', revision: '8a0099a', time: '2017-11-06T21:07:36.161Z'
System info: host: 'MKM870-L-6D90', ip: '10.30.7.25', os.name: 'Windows 10', os.arch: 'amd64', os.version: '10.0', java.version: '1.8.0_181'
Driver info: com.kms.katalon.selenium.driver.CChromeDriver
Capabilities {acceptInsecureCerts: false, acceptSslCerts: false, applicationCacheEnabled: false, browserConnectionEnabled: false, browserName: chrome, chrome: {chromedriverVersion: 2.35.528161 (5b82f2d2aae0ca..., userDataDir: C:\Temp\scoped_dir2392_2925}, cssSelectorsEnabled: true, databaseEnabled: false, handlesAlerts: true, hasTouchScreen: false, javascriptEnabled: true, locationContextEnabled: true, mobileEmulationEnabled: false, nativeEvents: true, networkConnectionEnabled: false, pageLoadStrategy: normal, platform: XP, platformName: XP, rotatable: false, setWindowRect: true, takesHeapSnapshot: true, takesScreenshot: true, unexpectedAlertBehaviour: , unhandledPromptBehavior: , version: 70.0.3538.110, webStorageEnabled: true}
Session ID: c764f3a6786ac5055147643f596e6eb8)
[[ATTACHMENT|C:\\Testing\\katalon\\HR\\AM\\AM.GlobalPayrollAndAbsenceManagement_fld\\Reports\\VacationCarryOver.dataDriven\\20181130_115047\\1543596793249.png]]]]></system-out>
         <system-err><![CDATA[2018-11-30 11:50:49 - [TEST_CASE][FAILED] - Test Cases/VacationCarryOver.dataDriven: Test Cases/VacationCarryOver.dataDriven FAILED because (of) (Stack trace: com.kms.katalon.core.exception.StepFailedException: Unable to click on object 'Object Repository/VacationCarryOver/Page_Supporting Elements/a_Sign out_pthdr2navbar' (Root cause: org.openqa.selenium.WebDriverException: unknown error: Element <a id="pthdr2navbar" class="PSHYPERLINK navbarIconFluid headerbutton" title="NavBar" target="NavBar" href="https://hrerp-uatoc.senecacollege.ca/psc/ps_newwin/EMPLOYEE/HRMS/c/NUI_FRAMEWORK.PTNUI_NAVBAR.GBL" onclick="PTNavBar.Url=this.href; DoNavBar(); return false;" role="button" onkeydown="registerHeaderKeyPress(event)">...</a> is not clickable at point (1416, 20). Other element would receive the click: <div id="pt_modalMask" style="height: 749px; width: 1458px; display: block;"></div>
  (Session info: chrome=70.0.3538.110)
  (Driver info: chromedriver=2.35.528161 (5b82f2d2aae0ca24b877009200ced9065a772e73),platform=Windows NT 10.0.17134 x86_64) (WARNING: The server did not provide any stacktrace information)
Command duration or timeout: 0 milliseconds
Build info: version: '3.7.1', revision: '8a0099a', time: '2017-11-06T21:07:36.161Z'
System info: host: 'MKM870-L-6D90', ip: '10.30.7.25', os.name: 'Windows 10', os.arch: 'amd64', os.version: '10.0', java.version: '1.8.0_181'
Driver info: com.kms.katalon.selenium.driver.CChromeDriver
Capabilities {acceptInsecureCerts: false, acceptSslCerts: false, applicationCacheEnabled: false, browserConnectionEnabled: false, browserName: chrome, chrome: {chromedriverVersion: 2.35.528161 (5b82f2d2aae0ca..., userDataDir: C:\Temp\scoped_dir2392_2925}, cssSelectorsEnabled: true, databaseEnabled: false, handlesAlerts: true, hasTouchScreen: false, javascriptEnabled: true, locationContextEnabled: true, mobileEmulationEnabled: false, nativeEvents: true, networkConnectionEnabled: false, pageLoadStrategy: normal, platform: XP, platformName: XP, rotatable: false, setWindowRect: true, takesHeapSnapshot: true, takesScreenshot: true, unexpectedAlertBehaviour: , unhandledPromptBehavior: , version: 70.0.3538.110, webStorageEnabled: true}
Session ID: c764f3a6786ac5055147643f596e6eb8)
	at com.kms.katalon.core.keyword.internal.KeywordMain.stepFailed(KeywordMain.groovy:36)
	at com.kms.katalon.core.webui.keyword.internal.WebUIKeywordMain.stepFailed(WebUIKeywordMain.groovy:65)
	at com.kms.katalon.core.webui.keyword.internal.WebUIKeywordMain.runKeyword(WebUIKeywordMain.groovy:27)
	at com.kms.katalon.core.webui.keyword.builtin.ClickKeyword.click(ClickKeyword.groovy:86)
	at com.kms.katalon.core.webui.keyword.builtin.ClickKeyword.execute(ClickKeyword.groovy:67)
	at com.kms.katalon.core.keyword.internal.KeywordExecutor.executeKeywordForPlatform(KeywordExecutor.groovy:53)
	at com.kms.katalon.core.webui.keyword.WebUiBuiltInKeywords.click(WebUiBuiltInKeywords.groovy:616)
	at com.kms.katalon.core.webui.keyword.WebUiBuiltInKeywords$click$2.call(Unknown Source)
	at org.codehaus.groovy.runtime.callsite.CallSiteArray.defaultCall(CallSiteArray.java:48)
	at org.codehaus.groovy.runtime.callsite.AbstractCallSite.call(AbstractCallSite.java:113)
	at org.codehaus.groovy.runtime.callsite.AbstractCallSite.call(AbstractCallSite.java:125)
	at Script1543509932189.run(Script1543509932189.groovy:109)
	at com.kms.katalon.core.main.ScriptEngine.run(ScriptEngine.java:183)
	at com.kms.katalon.core.main.ScriptEngine.runScriptAsRawText(ScriptEngine.java:108)
	at com.kms.katalon.core.main.TestCaseExecutor.runScript(TestCaseExecutor.java:294)
	at com.kms.katalon.core.main.TestCaseExecutor.doExecute(TestCaseExecutor.java:285)
	at com.kms.katalon.core.main.TestCaseExecutor.processExecutionPhase(TestCaseExecutor.java:264)
	at com.kms.katalon.core.main.TestCaseExecutor.accessMainPhase(TestCaseExecutor.java:256)
	at com.kms.katalon.core.main.TestCaseExecutor.execute(TestCaseExecutor.java:200)
	at com.kms.katalon.core.main.TestSuiteExecutor.accessTestCaseMainPhase(TestSuiteExecutor.java:129)
	at com.kms.katalon.core.main.TestSuiteExecutor.accessTestSuiteMainPhase(TestSuiteExecutor.java:112)
	at com.kms.katalon.core.main.TestSuiteExecutor.execute(TestSuiteExecutor.java:81)
	at com.kms.katalon.core.main.TestCaseMain.startTestSuite(TestCaseMain.java:142)
	at com.kms.katalon.core.main.TestCaseMain$startTestSuite$0.call(Unknown Source)
	at org.codehaus.groovy.runtime.callsite.CallSiteArray.defaultCall(CallSiteArray.java:48)
	at org.codehaus.groovy.runtime.callsite.AbstractCallSite.call(AbstractCallSite.java:113)
	at org.codehaus.groovy.runtime.callsite.AbstractCallSite.call(AbstractCallSite.java:141)
	at TempTestSuite1543596647385.run(TempTestSuite1543596647385.groovy:36)
	at groovy.lang.GroovyShell.runScriptOrMainOrTestOrRunnable(GroovyShell.java:263)
	at groovy.lang.GroovyShell.run(GroovyShell.java:518)
	at groovy.lang.GroovyShell.run(GroovyShell.java:507)
	at groovy.ui.GroovyMain.processOnce(GroovyMain.java:653)
	at groovy.ui.GroovyMain.run(GroovyMain.java:384)
	at groovy.ui.GroovyMain.process(GroovyMain.java:370)
	at groovy.ui.GroovyMain.processArgs(GroovyMain.java:129)
	at groovy.ui.GroovyMain.main(GroovyMain.java:109)
	at sun.reflect.NativeMethodAccessorImpl.invoke0(Native Method)
	at sun.reflect.NativeMethodAccessorImpl.invoke(NativeMethodAccessorImpl.java:62)
	at sun.reflect.DelegatingMethodAccessorImpl.invoke(DelegatingMethodAccessorImpl.java:43)
	at java.lang.reflect.Method.invoke(Method.java:498)
	at org.codehaus.groovy.tools.GroovyStarter.rootLoader(GroovyStarter.java:109)
	at org.codehaus.groovy.tools.GroovyStarter.main(GroovyStarter.java:131)
)]]></system-err>
      </testcase>
      <system-out><![CDATA[2018-11-30 11:50:49 - [TEST_SUITE][FAILED] - VacationCarryOver.dataDriven: Test Cases/VacationCarryOver.dataDriven FAILED because (of) (Stack trace: com.kms.katalon.core.exception.StepFailedException: Unable to click on object 'Object Repository/VacationCarryOver/Page_Supporting Elements/a_Sign out_pthdr2navbar' (Root cause: org.openqa.selenium.WebDriverException: unknown error: Element <a id="pthdr2navbar" class="PSHYPERLINK navbarIconFluid headerbutton" title="NavBar" target="NavBar" href="https://hrerp-uatoc.senecacollege.ca/psc/ps_newwin/EMPLOYEE/HRMS/c/NUI_FRAMEWORK.PTNUI_NAVBAR.GBL" onclick="PTNavBar.Url=this.href; DoNavBar(); return false;" role="button" onkeydown="registerHeaderKeyPress(event)">...</a> is not clickable at point (1416, 20). Other element would receive the click: <div id="pt_modalMask" style="height: 749px; width: 1458px; display: block;"></div>
  (Session info: chrome=70.0.3538.110)
  (Driver info: chromedriver=2.35.528161 (5b82f2d2aae0ca24b877009200ced9065a772e73),platform=Windows NT 10.0.17134 x86_64) (WARNING: The server did not provide any stacktrace information)
Command duration or timeout: 0 milliseconds
Build info: version: '3.7.1', revision: '8a0099a', time: '2017-11-06T21:07:36.161Z'
System info: host: 'MKM870-L-6D90', ip: '10.30.7.25', os.name: 'Windows 10', os.arch: 'amd64', os.version: '10.0', java.version: '1.8.0_181'
Driver info: com.kms.katalon.selenium.driver.CChromeDriver
Capabilities {acceptInsecureCerts: false, acceptSslCerts: false, applicationCacheEnabled: false, browserConnectionEnabled: false, browserName: chrome, chrome: {chromedriverVersion: 2.35.528161 (5b82f2d2aae0ca..., userDataDir: C:\Temp\scoped_dir2392_2925}, cssSelectorsEnabled: true, databaseEnabled: false, handlesAlerts: true, hasTouchScreen: false, javascriptEnabled: true, locationContextEnabled: true, mobileEmulationEnabled: false, nativeEvents: true, networkConnectionEnabled: false, pageLoadStrategy: normal, platform: XP, platformName: XP, rotatable: false, setWindowRect: true, takesHeapSnapshot: true, takesScreenshot: true, unexpectedAlertBehaviour: , unhandledPromptBehavior: , version: 70.0.3538.110, webStorageEnabled: true}
Session ID: c764f3a6786ac5055147643f596e6eb8)
	at com.kms.katalon.core.keyword.internal.KeywordMain.stepFailed(KeywordMain.groovy:36)
	at com.kms.katalon.core.webui.keyword.internal.WebUIKeywordMain.stepFailed(WebUIKeywordMain.groovy:65)
	at com.kms.katalon.core.webui.keyword.internal.WebUIKeywordMain.runKeyword(WebUIKeywordMain.groovy:27)
	at com.kms.katalon.core.webui.keyword.builtin.ClickKeyword.click(ClickKeyword.groovy:86)
	at com.kms.katalon.core.webui.keyword.builtin.ClickKeyword.execute(ClickKeyword.groovy:67)
	at com.kms.katalon.core.keyword.internal.KeywordExecutor.executeKeywordForPlatform(KeywordExecutor.groovy:53)
	at com.kms.katalon.core.webui.keyword.WebUiBuiltInKeywords.click(WebUiBuiltInKeywords.groovy:616)
	at com.kms.katalon.core.webui.keyword.WebUiBuiltInKeywords$click$2.call(Unknown Source)
	at org.codehaus.groovy.runtime.callsite.CallSiteArray.defaultCall(CallSiteArray.java:48)
	at org.codehaus.groovy.runtime.callsite.AbstractCallSite.call(AbstractCallSite.java:113)
	at org.codehaus.groovy.runtime.callsite.AbstractCallSite.call(AbstractCallSite.java:125)
	at Script1543509932189.run(Script1543509932189.groovy:109)
	at com.kms.katalon.core.main.ScriptEngine.run(ScriptEngine.java:183)
	at com.kms.katalon.core.main.ScriptEngine.runScriptAsRawText(ScriptEngine.java:108)
	at com.kms.katalon.core.main.TestCaseExecutor.runScript(TestCaseExecutor.java:294)
	at com.kms.katalon.core.main.TestCaseExecutor.doExecute(TestCaseExecutor.java:285)
	at com.kms.katalon.core.main.TestCaseExecutor.processExecutionPhase(TestCaseExecutor.java:264)
	at com.kms.katalon.core.main.TestCaseExecutor.accessMainPhase(TestCaseExecutor.java:256)
	at com.kms.katalon.core.main.TestCaseExecutor.execute(TestCaseExecutor.java:200)
	at com.kms.katalon.core.main.TestSuiteExecutor.accessTestCaseMainPhase(TestSuiteExecutor.java:129)
	at com.kms.katalon.core.main.TestSuiteExecutor.accessTestSuiteMainPhase(TestSuiteExecutor.java:112)
	at com.kms.katalon.core.main.TestSuiteExecutor.execute(TestSuiteExecutor.java:81)
	at com.kms.katalon.core.main.TestCaseMain.startTestSuite(TestCaseMain.java:142)
	at com.kms.katalon.core.main.TestCaseMain$startTestSuite$0.call(Unknown Source)
	at org.codehaus.groovy.runtime.callsite.CallSiteArray.defaultCall(CallSiteArray.java:48)
	at org.codehaus.groovy.runtime.callsite.AbstractCallSite.call(AbstractCallSite.java:113)
	at org.codehaus.groovy.runtime.callsite.AbstractCallSite.call(AbstractCallSite.java:141)
	at TempTestSuite1543596647385.run(TempTestSuite1543596647385.groovy:36)
	at groovy.lang.GroovyShell.runScriptOrMainOrTestOrRunnable(GroovyShell.java:263)
	at groovy.lang.GroovyShell.run(GroovyShell.java:518)
	at groovy.lang.GroovyShell.run(GroovyShell.java:507)
	at groovy.ui.GroovyMain.processOnce(GroovyMain.java:653)
	at groovy.ui.GroovyMain.run(GroovyMain.java:384)
	at groovy.ui.GroovyMain.process(GroovyMain.java:370)
	at groovy.ui.GroovyMain.processArgs(GroovyMain.java:129)
	at groovy.ui.GroovyMain.main(GroovyMain.java:109)
	at sun.reflect.NativeMethodAccessorImpl.invoke0(Native Method)
	at sun.reflect.NativeMethodAccessorImpl.invoke(NativeMethodAccessorImpl.java:62)
	at sun.reflect.DelegatingMethodAccessorImpl.invoke(DelegatingMethodAccessorImpl.java:43)
	at java.lang.reflect.Method.invoke(Method.java:498)
	at org.codehaus.groovy.tools.GroovyStarter.rootLoader(GroovyStarter.java:109)
	at org.codehaus.groovy.tools.GroovyStarter.main(GroovyStarter.java:131)
)]]></system-out>
      <system-err><![CDATA[2018-11-30 11:50:49 - [TEST_SUITE][FAILED] - VacationCarryOver.dataDriven: Test Cases/VacationCarryOver.dataDriven FAILED because (of) (Stack trace: com.kms.katalon.core.exception.StepFailedException: Unable to click on object 'Object Repository/VacationCarryOver/Page_Supporting Elements/a_Sign out_pthdr2navbar' (Root cause: org.openqa.selenium.WebDriverException: unknown error: Element <a id="pthdr2navbar" class="PSHYPERLINK navbarIconFluid headerbutton" title="NavBar" target="NavBar" href="https://hrerp-uatoc.senecacollege.ca/psc/ps_newwin/EMPLOYEE/HRMS/c/NUI_FRAMEWORK.PTNUI_NAVBAR.GBL" onclick="PTNavBar.Url=this.href; DoNavBar(); return false;" role="button" onkeydown="registerHeaderKeyPress(event)">...</a> is not clickable at point (1416, 20). Other element would receive the click: <div id="pt_modalMask" style="height: 749px; width: 1458px; display: block;"></div>
  (Session info: chrome=70.0.3538.110)
  (Driver info: chromedriver=2.35.528161 (5b82f2d2aae0ca24b877009200ced9065a772e73),platform=Windows NT 10.0.17134 x86_64) (WARNING: The server did not provide any stacktrace information)
Command duration or timeout: 0 milliseconds
Build info: version: '3.7.1', revision: '8a0099a', time: '2017-11-06T21:07:36.161Z'
System info: host: 'MKM870-L-6D90', ip: '10.30.7.25', os.name: 'Windows 10', os.arch: 'amd64', os.version: '10.0', java.version: '1.8.0_181'
Driver info: com.kms.katalon.selenium.driver.CChromeDriver
Capabilities {acceptInsecureCerts: false, acceptSslCerts: false, applicationCacheEnabled: false, browserConnectionEnabled: false, browserName: chrome, chrome: {chromedriverVersion: 2.35.528161 (5b82f2d2aae0ca..., userDataDir: C:\Temp\scoped_dir2392_2925}, cssSelectorsEnabled: true, databaseEnabled: false, handlesAlerts: true, hasTouchScreen: false, javascriptEnabled: true, locationContextEnabled: true, mobileEmulationEnabled: false, nativeEvents: true, networkConnectionEnabled: false, pageLoadStrategy: normal, platform: XP, platformName: XP, rotatable: false, setWindowRect: true, takesHeapSnapshot: true, takesScreenshot: true, unexpectedAlertBehaviour: , unhandledPromptBehavior: , version: 70.0.3538.110, webStorageEnabled: true}
Session ID: c764f3a6786ac5055147643f596e6eb8)
	at com.kms.katalon.core.keyword.internal.KeywordMain.stepFailed(KeywordMain.groovy:36)
	at com.kms.katalon.core.webui.keyword.internal.WebUIKeywordMain.stepFailed(WebUIKeywordMain.groovy:65)
	at com.kms.katalon.core.webui.keyword.internal.WebUIKeywordMain.runKeyword(WebUIKeywordMain.groovy:27)
	at com.kms.katalon.core.webui.keyword.builtin.ClickKeyword.click(ClickKeyword.groovy:86)
	at com.kms.katalon.core.webui.keyword.builtin.ClickKeyword.execute(ClickKeyword.groovy:67)
	at com.kms.katalon.core.keyword.internal.KeywordExecutor.executeKeywordForPlatform(KeywordExecutor.groovy:53)
	at com.kms.katalon.core.webui.keyword.WebUiBuiltInKeywords.click(WebUiBuiltInKeywords.groovy:616)
	at com.kms.katalon.core.webui.keyword.WebUiBuiltInKeywords$click$2.call(Unknown Source)
	at org.codehaus.groovy.runtime.callsite.CallSiteArray.defaultCall(CallSiteArray.java:48)
	at org.codehaus.groovy.runtime.callsite.AbstractCallSite.call(AbstractCallSite.java:113)
	at org.codehaus.groovy.runtime.callsite.AbstractCallSite.call(AbstractCallSite.java:125)
	at Script1543509932189.run(Script1543509932189.groovy:109)
	at com.kms.katalon.core.main.ScriptEngine.run(ScriptEngine.java:183)
	at com.kms.katalon.core.main.ScriptEngine.runScriptAsRawText(ScriptEngine.java:108)
	at com.kms.katalon.core.main.TestCaseExecutor.runScript(TestCaseExecutor.java:294)
	at com.kms.katalon.core.main.TestCaseExecutor.doExecute(TestCaseExecutor.java:285)
	at com.kms.katalon.core.main.TestCaseExecutor.processExecutionPhase(TestCaseExecutor.java:264)
	at com.kms.katalon.core.main.TestCaseExecutor.accessMainPhase(TestCaseExecutor.java:256)
	at com.kms.katalon.core.main.TestCaseExecutor.execute(TestCaseExecutor.java:200)
	at com.kms.katalon.core.main.TestSuiteExecutor.accessTestCaseMainPhase(TestSuiteExecutor.java:129)
	at com.kms.katalon.core.main.TestSuiteExecutor.accessTestSuiteMainPhase(TestSuiteExecutor.java:112)
	at com.kms.katalon.core.main.TestSuiteExecutor.execute(TestSuiteExecutor.java:81)
	at com.kms.katalon.core.main.TestCaseMain.startTestSuite(TestCaseMain.java:142)
	at com.kms.katalon.core.main.TestCaseMain$startTestSuite$0.call(Unknown Source)
	at org.codehaus.groovy.runtime.callsite.CallSiteArray.defaultCall(CallSiteArray.java:48)
	at org.codehaus.groovy.runtime.callsite.AbstractCallSite.call(AbstractCallSite.java:113)
	at org.codehaus.groovy.runtime.callsite.AbstractCallSite.call(AbstractCallSite.java:141)
	at TempTestSuite1543596647385.run(TempTestSuite1543596647385.groovy:36)
	at groovy.lang.GroovyShell.runScriptOrMainOrTestOrRunnable(GroovyShell.java:263)
	at groovy.lang.GroovyShell.run(GroovyShell.java:518)
	at groovy.lang.GroovyShell.run(GroovyShell.java:507)
	at groovy.ui.GroovyMain.processOnce(GroovyMain.java:653)
	at groovy.ui.GroovyMain.run(GroovyMain.java:384)
	at groovy.ui.GroovyMain.process(GroovyMain.java:370)
	at groovy.ui.GroovyMain.processArgs(GroovyMain.java:129)
	at groovy.ui.GroovyMain.main(GroovyMain.java:109)
	at sun.reflect.NativeMethodAccessorImpl.invoke0(Native Method)
	at sun.reflect.NativeMethodAccessorImpl.invoke(NativeMethodAccessorImpl.java:62)
	at sun.reflect.DelegatingMethodAccessorImpl.invoke(DelegatingMethodAccessorImpl.java:43)
	at java.lang.reflect.Method.invoke(Method.java:498)
	at org.codehaus.groovy.tools.GroovyStarter.rootLoader(GroovyStarter.java:109)
	at org.codehaus.groovy.tools.GroovyStarter.main(GroovyStarter.java:131)
)]]></system-err>
   </testsuite>
</testsuites>
